07-Dec-2022 11:07:19.423 INFO [main] org.apache.catalina.core.ApplicationContext.log ContextListener: contextInitialized()
07-Dec-2022 11:07:19.423 INFO [main] org.apache.catalina.core.ApplicationContext.log SessionListener: contextInitialized()
07-Dec-2022 11:07:19.424 INFO [main] org.apache.catalina.core.ApplicationContext.log ContextListener: attributeAdded('StockTicker', 'async.Stockticker@2c444798')
07-Dec-2022 11:07:19.457 INFO [main] org.apache.catalina.core.ApplicationContext.log SessionListener: contextDestroyed()
07-Dec-2022 11:07:19.457 INFO [main] org.apache.catalina.core.ApplicationContext.log ContextListener: contextDestroyed()
07-Dec-2022 11:07:33.658 INFO [main] org.apache.catalina.core.ApplicationContext.log ContextListener: contextInitialized()
07-Dec-2022 11:07:33.658 INFO [main] org.apache.catalina.core.ApplicationContext.log SessionListener: contextInitialized()
07-Dec-2022 11:07:33.659 INFO [main] org.apache.catalina.core.ApplicationContext.log ContextListener: attributeAdded('StockTicker', 'async.Stockticker@22db8f4')
07-Dec-2022 11:07:33.703 INFO [main] org.apache.catalina.core.ApplicationContext.log SessionListener: contextDestroyed()
07-Dec-2022 11:07:33.703 INFO [main] org.apache.catalina.core.ApplicationContext.log ContextListener: contextDestroyed()
07-Dec-2022 11:08:17.716 INFO [main] org.apache.catalina.core.ApplicationContext.log ContextListener: contextInitialized()
07-Dec-2022 11:08:17.716 INFO [main] org.apache.catalina.core.ApplicationContext.log SessionListener: contextInitialized()
07-Dec-2022 11:08:17.717 INFO [main] org.apache.catalina.core.ApplicationContext.log ContextListener: attributeAdded('StockTicker', 'async.Stockticker@1d572e62')
07-Dec-2022 11:08:17.750 INFO [main] org.apache.catalina.core.ApplicationContext.log SessionListener: contextDestroyed()
07-Dec-2022 11:08:17.750 INFO [main] org.apache.catalina.core.ApplicationContext.log ContextListener: contextDestroyed()
07-Dec-2022 11:10:16.799 INFO [main] org.apache.catalina.core.ApplicationContext.log ContextListener: contextInitialized()
07-Dec-2022 11:10:16.800 INFO [main] org.apache.catalina.core.ApplicationContext.log SessionListener: contextInitialized()
07-Dec-2022 11:10:16.801 INFO [main] org.apache.catalina.core.ApplicationContext.log ContextListener: attributeAdded('StockTicker', 'async.Stockticker@3113a37')
07-Dec-2022 11:10:21.675 INFO [main] org.apache.catalina.core.ApplicationContext.log ContextListener: contextInitialized()
07-Dec-2022 11:10:21.675 INFO [main] org.apache.catalina.core.ApplicationContext.log SessionListener: contextInitialized()
07-Dec-2022 11:10:21.675 INFO [main] org.apache.catalina.core.ApplicationContext.log ContextListener: attributeAdded('StockTicker', 'async.Stockticker@20312893')
07-Dec-2022 11:10:21.696 INFO [main] org.apache.catalina.core.ApplicationContext.log SessionListener: contextDestroyed()
07-Dec-2022 11:10:21.696 INFO [main] org.apache.catalina.core.ApplicationContext.log ContextListener: contextDestroyed()
07-Dec-2022 11:11:21.087 INFO [main] org.apache.catalina.core.ApplicationContext.log ContextListener: contextInitialized()
07-Dec-2022 11:11:21.087 INFO [main] org.apache.catalina.core.ApplicationContext.log SessionListener: contextInitialized()
07-Dec-2022 11:11:21.088 INFO [main] org.apache.catalina.core.ApplicationContext.log ContextListener: attributeAdded('StockTicker', 'async.Stockticker@70eecdc2')
07-Dec-2022 11:11:21.103 INFO [main] org.apache.catalina.core.ApplicationContext.log SessionListener: contextDestroyed()
07-Dec-2022 11:11:21.103 INFO [main] org.apache.catalina.core.ApplicationContext.log ContextListener: contextDestroyed()
07-Dec-2022 11:11:49.053 INFO [main] org.apache.catalina.core.ApplicationContext.log ContextListener: contextInitialized()
07-Dec-2022 11:11:49.053 INFO [main] org.apache.catalina.core.ApplicationContext.log SessionListener: contextInitialized()
07-Dec-2022 11:11:49.054 INFO [main] org.apache.catalina.core.ApplicationContext.log ContextListener: attributeAdded('StockTicker', 'async.Stockticker@2a7b6f69')
07-Dec-2022 11:11:49.069 INFO [main] org.apache.catalina.core.ApplicationContext.log SessionListener: contextDestroyed()
07-Dec-2022 11:11:49.069 INFO [main] org.apache.catalina.core.ApplicationContext.log ContextListener: contextDestroyed()
07-Dec-2022 11:12:05.183 INFO [main] org.apache.catalina.core.ApplicationContext.log ContextListener: contextInitialized()
07-Dec-2022 11:12:05.183 INFO [main] org.apache.catalina.core.ApplicationContext.log SessionListener: contextInitialized()
07-Dec-2022 11:12:05.184 INFO [main] org.apache.catalina.core.ApplicationContext.log ContextListener: attributeAdded('StockTicker', 'async.Stockticker@7db0565c')
07-Dec-2022 11:12:28.066 INFO [Thread-1] org.apache.catalina.core.ApplicationContext.log SessionListener: contextDestroyed()
07-Dec-2022 11:12:28.066 INFO [Thread-1] org.apache.catalina.core.ApplicationContext.log ContextListener: contextDestroyed()
07-Dec-2022 11:12:38.891 INFO [main] org.apache.catalina.core.ApplicationContext.log ContextListener: contextInitialized()
07-Dec-2022 11:12:38.891 INFO [main] org.apache.catalina.core.ApplicationContext.log SessionListener: contextInitialized()
07-Dec-2022 11:12:38.892 INFO [main] org.apache.catalina.core.ApplicationContext.log ContextListener: attributeAdded('StockTicker', 'async.Stockticker@2b46a8c1')
07-Dec-2022 11:12:41.610 INFO [http-nio-8080-exec-1] org.apache.catalina.core.ApplicationContext.log Marking servlet [hello] as unavailable
07-Dec-2022 11:12:41.610 SEVERE [http-nio-8080-exec-1] org.apache.catalina.core.StandardWrapperValve.invoke Allocate exception for servlet [hello]
	java.lang.ClassNotFoundException: com.example.vis.controllers.HelloController
		at org.apache.catalina.loader.WebappClassLoaderBase.loadClass(WebappClassLoaderBase.java:1449)
		at org.apache.catalina.loader.WebappClassLoaderBase.loadClass(WebappClassLoaderBase.java:1257)
		at org.apache.catalina.core.DefaultInstanceManager.loadClass(DefaultInstanceManager.java:535)
		at org.apache.catalina.core.DefaultInstanceManager.loadClassMaybePrivileged(DefaultInstanceManager.java:516)
		at org.apache.catalina.core.DefaultInstanceManager.newInstance(DefaultInstanceManager.java:150)
		at org.apache.catalina.core.StandardWrapper.loadServlet(StandardWrapper.java:1071)
		at org.apache.catalina.core.StandardWrapper.allocate(StandardWrapper.java:789)
		at org.apache.catalina.core.StandardWrapperValve.invoke(StandardWrapperValve.java:128)
		at org.apache.catalina.core.StandardContextValve.invoke(StandardContextValve.java:97)
		at org.apache.catalina.authenticator.AuthenticatorBase.invoke(AuthenticatorBase.java:542)
		at org.apache.catalina.core.StandardHostValve.invoke(StandardHostValve.java:119)
		at org.apache.catalina.valves.ErrorReportValve.invoke(ErrorReportValve.java:92)
		at org.apache.catalina.valves.AbstractAccessLogValve.invoke(AbstractAccessLogValve.java:690)
		at org.apache.catalina.core.StandardEngineValve.invoke(StandardEngineValve.java:78)
		at org.apache.catalina.connector.CoyoteAdapter.service(CoyoteAdapter.java:356)
		at org.apache.coyote.http11.Http11Processor.service(Http11Processor.java:399)
		at org.apache.coyote.AbstractProcessorLight.process(AbstractProcessorLight.java:65)
		at org.apache.coyote.AbstractProtocol$ConnectionHandler.process(AbstractProtocol.java:870)
		at org.apache.tomcat.util.net.NioEndpoint$SocketProcessor.doRun(NioEndpoint.java:1762)
		at org.apache.tomcat.util.net.SocketProcessorBase.run(SocketProcessorBase.java:49)
		at org.apache.tomcat.util.threads.ThreadPoolExecutor.runWorker(ThreadPoolExecutor.java:1191)
		at org.apache.tomcat.util.threads.ThreadPoolExecutor$Worker.run(ThreadPoolExecutor.java:659)
		at org.apache.tomcat.util.threads.TaskThread$WrappingRunnable.run(TaskThread.java:61)
		at java.base/java.lang.Thread.run(Thread.java:833)
07-Dec-2022 11:12:48.638 INFO [Thread-1] org.apache.catalina.core.ApplicationContext.log SessionListener: contextDestroyed()
07-Dec-2022 11:12:48.638 INFO [Thread-1] org.apache.catalina.core.ApplicationContext.log ContextListener: contextDestroyed()
